This is pdfTeXk, Version 3.141592-1.40.3 (Web2C 7.5.6) (format=pdflatex 2009.5.25)  24 SEP 2009 21:14
entering extended mode
 %&-line parsing enabled.
**tutorial
(./tutorial.tex
LaTeX2e <2005/12/01>
Babel <v3.8h> and hyphenation patterns for english, usenglishmax, dumylang, noh
yphenation, croatian, ukrainian, russian, bulgarian, czech, slovak, danish, dut
ch, finnish, basque, french, german, ngerman, ibycus, greek, monogreek, ancient
greek, hungarian, italian, latin, mongolian, norsk, icelandic, interlingua, tur
kish, coptic, romanian, welsh, serbian, slovenian, estonian, esperanto, upperso
rbian, indonesian, polish, portuguese, spanish, catalan, galician, swedish, pin
yin, loaded.
(/usr/share/texmf-texlive/tex/latex/base/report.cls
Document Class: report 2005/09/16 v1.4f Standard LaTeX document class
(/usr/share/texmf-texlive/tex/latex/base/size10.clo
File: size10.clo 2005/09/16 v1.4f Standard LaTeX file (size option)
)
\c@part=\count79
\c@chapter=\count80
\c@section=\count81
\c@subsection=\count82
\c@subsubsection=\count83
\c@paragraph=\count84
\c@subparagraph=\count85
\c@figure=\count86
\c@table=\count87
\abovecaptionskip=\skip41
\belowcaptionskip=\skip42
\bibindent=\dimen102
)
(/usr/share/texmf-texlive/tex/latex/graphics/color.sty
Package: color 2005/11/14 v1.0j Standard LaTeX Color (DPC)

(/etc/texmf/tex/latex/config/color.cfg
File: color.cfg 2007/01/18 v1.5 color configuration of teTeX/TeXLive
)
Package color Info: Driver file: pdftex.def on input line 130.

(/usr/share/texmf-texlive/tex/latex/pdftex-def/pdftex.def
File: pdftex.def 2007/01/08 v0.04d Graphics/color for pdfTeX
\Gread@gobject=\count88
))
(/usr/share/texmf-texlive/tex/generic/babel/babel.sty
Package: babel 2005/11/23 v3.8h The Babel package

(/usr/share/texmf-texlive/tex/generic/babel/english.ldf
Language: english 2005/03/30 v3.3o English support from the babel system

(/usr/share/texmf-texlive/tex/generic/babel/babel.def
File: babel.def 2005/11/23 v3.8h Babel common definitions
\babel@savecnt=\count89
\U@D=\dimen103
)
\l@british = a dialect from \language\l@english 
\l@UKenglish = a dialect from \language\l@english 
\l@canadian = a dialect from \language\l@american 
\l@australian = a dialect from \language\l@british 
\l@newzealand = a dialect from \language\l@british 
))
(/usr/share/texmf-texlive/tex/latex/base/inputenc.sty
Package: inputenc 2006/05/05 v1.1b Input encoding file
\inpenc@prehook=\toks14
\inpenc@posthook=\toks15

(/usr/share/texmf-texlive/tex/latex/base/utf8.def
File: utf8.def 2006/03/30 v1.1i UTF-8 support for inputenc
Now handling font encoding OML ...
... no UTF-8 mapping file for font encoding OML
Now handling font encoding T1 ...
... processing UTF-8 mapping file for font encodingT1

(/usr/share/texmf-texlive/tex/latex/base/t1enc.dfu
File: t1enc.dfu 2006/03/30 v1.1i UTF-8 support for inputenc
   defining Unicode char U+00A1 (decimal 161)
   defining Unicode char U+00A3 (decimal 163)
   defining Unicode char U+00AB (decimal 171)
   defining Unicode char U+00BB (decimal 187)
   defining Unicode char U+00BF (decimal 191)
   defining Unicode char U+00C0 (decimal 192)
   defining Unicode char U+00C1 (decimal 193)
   defining Unicode char U+00C2 (decimal 194)
   defining Unicode char U+00C3 (decimal 195)
   defining Unicode char U+00C4 (decimal 196)
   defining Unicode char U+00C5 (decimal 197)
   defining Unicode char U+00C6 (decimal 198)
   defining Unicode char U+00C7 (decimal 199)
   defining Unicode char U+00C8 (decimal 200)
   defining Unicode char U+00C9 (decimal 201)
   defining Unicode char U+00CA (decimal 202)
   defining Unicode char U+00CB (decimal 203)
   defining Unicode char U+00CC (decimal 204)
   defining Unicode char U+00CD (decimal 205)
   defining Unicode char U+00CE (decimal 206)
   defining Unicode char U+00CF (decimal 207)
   defining Unicode char U+00D0 (decimal 208)
   defining Unicode char U+00D1 (decimal 209)
   defining Unicode char U+00D2 (decimal 210)
   defining Unicode char U+00D3 (decimal 211)
   defining Unicode char U+00D4 (decimal 212)
   defining Unicode char U+00D5 (decimal 213)
   defining Unicode char U+00D6 (decimal 214)
   defining Unicode char U+00D8 (decimal 216)
   defining Unicode char U+00D9 (decimal 217)
   defining Unicode char U+00DA (decimal 218)
   defining Unicode char U+00DB (decimal 219)
   defining Unicode char U+00DC (decimal 220)
   defining Unicode char U+00DD (decimal 221)
   defining Unicode char U+00DE (decimal 222)
   defining Unicode char U+00DF (decimal 223)
   defining Unicode char U+00E0 (decimal 224)
   defining Unicode char U+00E1 (decimal 225)
   defining Unicode char U+00E2 (decimal 226)
   defining Unicode char U+00E3 (decimal 227)
   defining Unicode char U+00E4 (decimal 228)
   defining Unicode char U+00E5 (decimal 229)
   defining Unicode char U+00E6 (decimal 230)
   defining Unicode char U+00E7 (decimal 231)
   defining Unicode char U+00E8 (decimal 232)
   defining Unicode char U+00E9 (decimal 233)
   defining Unicode char U+00EA (decimal 234)
   defining Unicode char U+00EB (decimal 235)
   defining Unicode char U+00EC (decimal 236)
   defining Unicode char U+00ED (decimal 237)
   defining Unicode char U+00EE (decimal 238)
   defining Unicode char U+00EF (decimal 239)
   defining Unicode char U+00F0 (decimal 240)
   defining Unicode char U+00F1 (decimal 241)
   defining Unicode char U+00F2 (decimal 242)
   defining Unicode char U+00F3 (decimal 243)
   defining Unicode char U+00F4 (decimal 244)
   defining Unicode char U+00F5 (decimal 245)
   defining Unicode char U+00F6 (decimal 246)
   defining Unicode char U+00F8 (decimal 248)
   defining Unicode char U+00F9 (decimal 249)
   defining Unicode char U+00FA (decimal 250)
   defining Unicode char U+00FB (decimal 251)
   defining Unicode char U+00FC (decimal 252)
   defining Unicode char U+00FD (decimal 253)
   defining Unicode char U+00FE (decimal 254)
   defining Unicode char U+00FF (decimal 255)
   defining Unicode char U+0102 (decimal 258)
   defining Unicode char U+0103 (decimal 259)
   defining Unicode char U+0104 (decimal 260)
   defining Unicode char U+0105 (decimal 261)
   defining Unicode char U+0106 (decimal 262)
   defining Unicode char U+0107 (decimal 263)
   defining Unicode char U+010C (decimal 268)
   defining Unicode char U+010D (decimal 269)
   defining Unicode char U+010E (decimal 270)
   defining Unicode char U+010F (decimal 271)
   defining Unicode char U+0110 (decimal 272)
   defining Unicode char U+0111 (decimal 273)
   defining Unicode char U+0118 (decimal 280)
   defining Unicode char U+0119 (decimal 281)
   defining Unicode char U+011A (decimal 282)
   defining Unicode char U+011B (decimal 283)
   defining Unicode char U+011E (decimal 286)
   defining Unicode char U+011F (decimal 287)
   defining Unicode char U+0130 (decimal 304)
   defining Unicode char U+0131 (decimal 305)
   defining Unicode char U+0132 (decimal 306)
   defining Unicode char U+0133 (decimal 307)
   defining Unicode char U+0139 (decimal 313)
   defining Unicode char U+013A (decimal 314)
   defining Unicode char U+013D (decimal 317)
   defining Unicode char U+013E (decimal 318)
   defining Unicode char U+0141 (decimal 321)
   defining Unicode char U+0142 (decimal 322)
   defining Unicode char U+0143 (decimal 323)
   defining Unicode char U+0144 (decimal 324)
   defining Unicode char U+0147 (decimal 327)
   defining Unicode char U+0148 (decimal 328)
   defining Unicode char U+014A (decimal 330)
   defining Unicode char U+014B (decimal 331)
   defining Unicode char U+0150 (decimal 336)
   defining Unicode char U+0151 (decimal 337)
   defining Unicode char U+0152 (decimal 338)
   defining Unicode char U+0153 (decimal 339)
   defining Unicode char U+0154 (decimal 340)
   defining Unicode char U+0155 (decimal 341)
   defining Unicode char U+0158 (decimal 344)
   defining Unicode char U+0159 (decimal 345)
   defining Unicode char U+015A (decimal 346)
   defining Unicode char U+015B (decimal 347)
   defining Unicode char U+015E (decimal 350)
   defining Unicode char U+015F (decimal 351)
   defining Unicode char U+0160 (decimal 352)
   defining Unicode char U+0161 (decimal 353)
   defining Unicode char U+0162 (decimal 354)
   defining Unicode char U+0163 (decimal 355)
   defining Unicode char U+0164 (decimal 356)
   defining Unicode char U+0165 (decimal 357)
   defining Unicode char U+016E (decimal 366)
   defining Unicode char U+016F (decimal 367)
   defining Unicode char U+0170 (decimal 368)
   defining Unicode char U+0171 (decimal 369)
   defining Unicode char U+0178 (decimal 376)
   defining Unicode char U+0179 (decimal 377)
   defining Unicode char U+017A (decimal 378)
   defining Unicode char U+017B (decimal 379)
   defining Unicode char U+017C (decimal 380)
   defining Unicode char U+017D (decimal 381)
   defining Unicode char U+017E (decimal 382)
   defining Unicode char U+200C (decimal 8204)
   defining Unicode char U+2013 (decimal 8211)
   defining Unicode char U+2014 (decimal 8212)
   defining Unicode char U+2018 (decimal 8216)
   defining Unicode char U+2019 (decimal 8217)
   defining Unicode char U+201A (decimal 8218)
   defining Unicode char U+201C (decimal 8220)
   defining Unicode char U+201D (decimal 8221)
   defining Unicode char U+201E (decimal 8222)
   defining Unicode char U+2030 (decimal 8240)
   defining Unicode char U+2031 (decimal 8241)
   defining Unicode char U+2039 (decimal 8249)
   defining Unicode char U+203A (decimal 8250)
   defining Unicode char U+2423 (decimal 9251)
)
Now handling font encoding OT1 ...
... processing UTF-8 mapping file for font encodingOT1

(/usr/share/texmf-texlive/tex/latex/base/ot1enc.dfu
File: ot1enc.dfu 2006/03/30 v1.1i UTF-8 support for inputenc
   defining Unicode char U+00A1 (decimal 161)
   defining Unicode char U+00A3 (decimal 163)
   defining Unicode char U+00B8 (decimal 184)
   defining Unicode char U+00BF (decimal 191)
   defining Unicode char U+00C5 (decimal 197)
   defining Unicode char U+00C6 (decimal 198)
   defining Unicode char U+00D8 (decimal 216)
   defining Unicode char U+00DF (decimal 223)
   defining Unicode char U+00E6 (decimal 230)
   defining Unicode char U+00EC (decimal 236)
   defining Unicode char U+00ED (decimal 237)
   defining Unicode char U+00EE (decimal 238)
   defining Unicode char U+00EF (decimal 239)
   defining Unicode char U+00F8 (decimal 248)
   defining Unicode char U+0131 (decimal 305)
   defining Unicode char U+0141 (decimal 321)
   defining Unicode char U+0142 (decimal 322)
   defining Unicode char U+0152 (decimal 338)
   defining Unicode char U+0153 (decimal 339)
   defining Unicode char U+2013 (decimal 8211)
   defining Unicode char U+2014 (decimal 8212)
   defining Unicode char U+2018 (decimal 8216)
   defining Unicode char U+2019 (decimal 8217)
   defining Unicode char U+201C (decimal 8220)
   defining Unicode char U+201D (decimal 8221)
)
Now handling font encoding OMS ...
... processing UTF-8 mapping file for font encodingOMS

(/usr/share/texmf-texlive/tex/latex/base/omsenc.dfu
File: omsenc.dfu 2006/03/30 v1.1i UTF-8 support for inputenc
   defining Unicode char U+00A7 (decimal 167)
   defining Unicode char U+00B6 (decimal 182)
   defining Unicode char U+00B7 (decimal 183)
   defining Unicode char U+2020 (decimal 8224)
   defining Unicode char U+2021 (decimal 8225)
   defining Unicode char U+2022 (decimal 8226)
)
Now handling font encoding OMX ...
... no UTF-8 mapping file for font encoding OMX
Now handling font encoding U ...
... no UTF-8 mapping file for font encoding U
   defining Unicode char U+00A9 (decimal 169)
   defining Unicode char U+00AA (decimal 170)
   defining Unicode char U+00AE (decimal 174)
   defining Unicode char U+00BA (decimal 186)
   defining Unicode char U+02C6 (decimal 710)
   defining Unicode char U+02DC (decimal 732)
   defining Unicode char U+200C (decimal 8204)
   defining Unicode char U+2026 (decimal 8230)
   defining Unicode char U+2122 (decimal 8482)
   defining Unicode char U+2423 (decimal 9251)
))
(/usr/share/texmf-texlive/tex/latex/psnfss/times.sty
Package: times 2005/04/12 PSNFSS-v9.2a (SPQR) 
)
(/usr/share/texmf-texlive/tex/latex/psnfss/mathptmx.sty
Package: mathptmx 2005/04/12 PSNFSS-v9.2a Times w/ Math, improved (SPQR, WaS) 
LaTeX Font Info:    Redeclaring symbol font `operators' on input line 28.
LaTeX Font Info:    Overwriting symbol font `operators' in version `normal'
(Font)                  OT1/cmr/m/n --> OT1/ztmcm/m/n on input line 28.
LaTeX Font Info:    Overwriting symbol font `operators' in version `bold'
(Font)                  OT1/cmr/bx/n --> OT1/ztmcm/m/n on input line 28.
LaTeX Font Info:    Redeclaring symbol font `letters' on input line 29.
LaTeX Font Info:    Overwriting symbol font `letters' in version `normal'
(Font)                  OML/cmm/m/it --> OML/ztmcm/m/it on input line 29.
LaTeX Font Info:    Overwriting symbol font `letters' in version `bold'
(Font)                  OML/cmm/b/it --> OML/ztmcm/m/it on input line 29.
LaTeX Font Info:    Redeclaring symbol font `symbols' on input line 30.
LaTeX Font Info:    Overwriting symbol font `symbols' in version `normal'
(Font)                  OMS/cmsy/m/n --> OMS/ztmcm/m/n on input line 30.
LaTeX Font Info:    Overwriting symbol font `symbols' in version `bold'
(Font)                  OMS/cmsy/b/n --> OMS/ztmcm/m/n on input line 30.
LaTeX Font Info:    Redeclaring symbol font `largesymbols' on input line 31.
LaTeX Font Info:    Overwriting symbol font `largesymbols' in version `normal'
(Font)                  OMX/cmex/m/n --> OMX/ztmcm/m/n on input line 31.
LaTeX Font Info:    Overwriting symbol font `largesymbols' in version `bold'
(Font)                  OMX/cmex/m/n --> OMX/ztmcm/m/n on input line 31.
\symbold=\mathgroup4
\symitalic=\mathgroup5
LaTeX Font Info:    Redeclaring math alphabet \mathbf on input line 34.
LaTeX Font Info:    Overwriting math alphabet `\mathbf' in version `normal'
(Font)                  OT1/cmr/bx/n --> OT1/ptm/bx/n on input line 34.
LaTeX Font Info:    Overwriting math alphabet `\mathbf' in version `bold'
(Font)                  OT1/cmr/bx/n --> OT1/ptm/bx/n on input line 34.
LaTeX Font Info:    Redeclaring math alphabet \mathit on input line 35.
LaTeX Font Info:    Overwriting math alphabet `\mathit' in version `normal'
(Font)                  OT1/cmr/m/it --> OT1/ptm/m/it on input line 35.
LaTeX Font Info:    Overwriting math alphabet `\mathit' in version `bold'
(Font)                  OT1/cmr/bx/it --> OT1/ptm/m/it on input line 35.
LaTeX Info: Redefining \hbar on input line 50.
)
(/usr/share/texmf-texlive/tex/latex/geometry/geometry.sty
Package: geometry 2002/07/08 v3.2 Page Geometry

(/usr/share/texmf-texlive/tex/latex/graphics/keyval.sty
Package: keyval 1999/03/16 v1.13 key=value parser (DPC)
\KV@toks@=\toks16
)
\Gm@cnth=\count90
\Gm@cntv=\count91
\c@Gm@tempcnt=\count92
\Gm@bindingoffset=\dimen104
\Gm@wd@mp=\dimen105
\Gm@odd@mp=\dimen106
\Gm@even@mp=\dimen107
\Gm@dimlist=\toks17

(/usr/share/texmf-texlive/tex/xelatex/xetexconfig/geometry.cfg))
(/usr/share/texmf-texlive/tex/latex/hyperref/hyperref.sty
Package: hyperref 2007/02/07 v6.75r Hypertext links for LaTeX
\@linkdim=\dimen108
\Hy@linkcounter=\count93
\Hy@pagecounter=\count94

(/usr/share/texmf-texlive/tex/latex/hyperref/pd1enc.def
File: pd1enc.def 2007/02/07 v6.75r Hyperref: PDFDocEncoding definition (HO)
Now handling font encoding PD1 ...
... no UTF-8 mapping file for font encoding PD1
)
(/etc/texmf/tex/latex/config/hyperref.cfg
File: hyperref.cfg 2002/06/06 v1.2 hyperref configuration of TeXLive
)
(/usr/share/texmf-texlive/tex/latex/oberdiek/kvoptions.sty
Package: kvoptions 2006/08/22 v2.4 Connects package keyval with LaTeX options (
HO)
)
Package hyperref Info: Hyper figures OFF on input line 2288.
Package hyperref Info: Link nesting OFF on input line 2293.
Package hyperref Info: Hyper index ON on input line 2296.
Package hyperref Info: Plain pages OFF on input line 2303.
Package hyperref Info: Backreferencing OFF on input line 2308.

Implicit mode ON; LaTeX internals redefined
Package hyperref Info: Bookmarks ON on input line 2444.
(/usr/share/texmf-texlive/tex/latex/ltxmisc/url.sty
\Urlmuskip=\muskip10
Package: url 2005/06/27  ver 3.2  Verb mode for urls, etc.
)
LaTeX Info: Redefining \url on input line 2599.
\Fld@menulength=\count95
\Field@Width=\dimen109
\Fld@charsize=\dimen110
\Choice@toks=\toks18
\Field@toks=\toks19
Package hyperref Info: Hyper figures OFF on input line 3102.
Package hyperref Info: Link nesting OFF on input line 3107.
Package hyperref Info: Hyper index ON on input line 3110.
Package hyperref Info: backreferencing OFF on input line 3117.
Package hyperref Info: Link coloring OFF on input line 3122.
\Hy@abspage=\count96
\c@Item=\count97
\c@Hfootnote=\count98
)
*hyperref using default driver hpdftex*
(/usr/share/texmf-texlive/tex/latex/hyperref/hpdftex.def
File: hpdftex.def 2007/02/07 v6.75r Hyperref driver for pdfTeX
\Fld@listcount=\count99
)
(/usr/share/texmf-texlive/tex/latex/base/fontenc.sty
Package: fontenc 2005/09/27 v1.99g Standard LaTeX package

(/usr/share/texmf-texlive/tex/latex/base/t1enc.def
File: t1enc.def 2005/09/27 v1.99g Standard LaTeX file
LaTeX Font Info:    Redeclaring font encoding T1 on input line 43.
))
(/usr/share/texmf/tex/latex/pgf/frontendlayer/tikz.sty
(/usr/share/texmf/tex/latex/pgf/basiclayer/pgf.sty
(/usr/share/texmf/tex/latex/pgf/utilities/pgfrcs.sty
(/usr/share/texmf/tex/generic/pgf/utilities/pgfutil-common.tex
\pgfutil@everybye=\toks20
)
(/usr/share/texmf/tex/generic/pgf/utilities/pgfutil-latex.def)
(/usr/share/texmf/tex/generic/pgf/utilities/pgfrcs.code.tex
Package: pgfrcs 2008/02/20 v2.00 (rcs-revision 1.21)
))
Package: pgf 2008/01/15 v2.00 (rcs-revision 1.12)

(/usr/share/texmf/tex/latex/pgf/basiclayer/pgfcore.sty
(/usr/share/texmf-texlive/tex/latex/graphics/graphicx.sty
Package: graphicx 1999/02/16 v1.0f Enhanced LaTeX Graphics (DPC,SPQR)

(/usr/share/texmf-texlive/tex/latex/graphics/graphics.sty
Package: graphics 2006/02/20 v1.0o Standard LaTeX Graphics (DPC,SPQR)

(/usr/share/texmf-texlive/tex/latex/graphics/trig.sty
Package: trig 1999/03/16 v1.09 sin cos tan (DPC)
)
(/etc/texmf/tex/latex/config/graphics.cfg
File: graphics.cfg 2007/01/18 v1.5 graphics configuration of teTeX/TeXLive
)
Package graphics Info: Driver file: pdftex.def on input line 90.
)
\Gin@req@height=\dimen111
\Gin@req@width=\dimen112
)
(/usr/share/texmf/tex/latex/pgf/systemlayer/pgfsys.sty
(/usr/share/texmf/tex/generic/pgf/systemlayer/pgfsys.code.tex
Package: pgfsys 2008/02/07 v2.00 (rcs-revision 1.31)

(/usr/share/texmf/tex/generic/pgf/utilities/pgfkeys.code.tex
\pgfkeys@pathtoks=\toks21
\pgfkeys@temptoks=\toks22
)
\pgf@x=\dimen113
\pgf@y=\dimen114
\pgf@xa=\dimen115
\pgf@ya=\dimen116
\pgf@xb=\dimen117
\pgf@yb=\dimen118
\pgf@xc=\dimen119
\pgf@yc=\dimen120
\c@pgf@counta=\count100
\c@pgf@countb=\count101
\c@pgf@countc=\count102
\c@pgf@countd=\count103

(/usr/share/texmf/tex/generic/pgf/systemlayer/pgf.cfg
File: pgf.cfg 2008/01/13  (rcs-revision 1.6)
)
Package pgfsys Info: Driver file for pgf: pgfsys-pdftex.def on input line 885.

(/usr/share/texmf/tex/generic/pgf/systemlayer/pgfsys-pdftex.def
File: pgfsys-pdftex.def 2007/12/20  (rcs-revision 1.20)

(/usr/share/texmf/tex/generic/pgf/systemlayer/pgfsys-common-pdf.def
File: pgfsys-common-pdf.def 2007/12/17  (rcs-revision 1.8)
)))
(/usr/share/texmf/tex/generic/pgf/systemlayer/pgfsyssoftpath.code.tex
File: pgfsyssoftpath.code.tex 2008/01/23  (rcs-revision 1.6)
\pgfsyssoftpath@smallbuffer@items=\count104
\pgfsyssoftpath@bigbuffer@items=\count105
)
(/usr/share/texmf/tex/generic/pgf/systemlayer/pgfsysprotocol.code.tex
File: pgfsysprotocol.code.tex 2006/10/16  (rcs-revision 1.4)
))
(/usr/share/texmf/tex/latex/xcolor/xcolor.sty
Package: xcolor 2007/01/21 v2.11 LaTeX color extensions (UK)

(/etc/texmf/tex/latex/config/color.cfg
File: color.cfg 2007/01/18 v1.5 color configuration of teTeX/TeXLive
)
Package xcolor Info: Driver file: pdftex.def on input line 225.
LaTeX Info: Redefining \color on input line 702.
Package xcolor Info: Model `cmy' substituted by `cmy0' on input line 1337.
Package xcolor Info: Model `hsb' substituted by `rgb' on input line 1341.
Package xcolor Info: Model `RGB' extended on input line 1353.
Package xcolor Info: Model `HTML' substituted by `rgb' on input line 1355.
Package xcolor Info: Model `Hsb' substituted by `hsb' on input line 1356.
Package xcolor Info: Model `tHsb' substituted by `hsb' on input line 1357.
Package xcolor Info: Model `HSB' substituted by `hsb' on input line 1358.
Package xcolor Info: Model `Gray' substituted by `gray' on input line 1359.
Package xcolor Info: Model `wave' substituted by `hsb' on input line 1360.
)
(/usr/share/texmf/tex/generic/pgf/basiclayer/pgfcore.code.tex
Package: pgfcore 2008/01/15 v2.00 (rcs-revision 1.6)

(/usr/share/texmf/tex/generic/pgf/math/pgfmath.code.tex
(/usr/share/texmf/tex/generic/pgf/math/pgfmathcalc.code.tex
(/usr/share/texmf/tex/generic/pgf/math/pgfmathutil.code.tex
\pgfmath@box=\box26
)
(/usr/share/texmf/tex/generic/pgf/math/pgfmathparser.code.tex
\pgfmath@stack=\toks23
\c@pgfmath@parsecounta=\count106
\c@pgfmath@parsecountb=\count107
\c@pgfmath@parsecountc=\count108
\pgfmath@parsex=\dimen121
)
(/usr/share/texmf/tex/generic/pgf/math/pgfmathoperations.code.tex
(/usr/share/texmf/tex/generic/pgf/math/pgfmathtrig.code.tex)
(/usr/share/texmf/tex/generic/pgf/math/pgfmathrnd.code.tex))
(/usr/share/texmf/tex/generic/pgf/math/pgfmathbase.code.tex)))
(/usr/share/texmf/tex/generic/pgf/basiclayer/pgfcorepoints.code.tex
File: pgfcorepoints.code.tex 2008/02/03  (rcs-revision 1.13)
\pgf@picminx=\dimen122
\pgf@picmaxx=\dimen123
\pgf@picminy=\dimen124
\pgf@picmaxy=\dimen125
\pgf@pathminx=\dimen126
\pgf@pathmaxx=\dimen127
\pgf@pathminy=\dimen128
\pgf@pathmaxy=\dimen129
\pgf@xx=\dimen130
\pgf@xy=\dimen131
\pgf@yx=\dimen132
\pgf@yy=\dimen133
\pgf@zx=\dimen134
\pgf@zy=\dimen135
)
(/usr/share/texmf/tex/generic/pgf/basiclayer/pgfcorepathconstruct.code.tex
File: pgfcorepathconstruct.code.tex 2008/02/13  (rcs-revision 1.14)
\pgf@path@lastx=\dimen136
\pgf@path@lasty=\dimen137
)
(/usr/share/texmf/tex/generic/pgf/basiclayer/pgfcorepathusage.code.tex
File: pgfcorepathusage.code.tex 2008/01/23  (rcs-revision 1.11)
\pgf@shorten@end@additional=\dimen138
\pgf@shorten@start@additional=\dimen139
)
(/usr/share/texmf/tex/generic/pgf/basiclayer/pgfcorescopes.code.tex
File: pgfcorescopes.code.tex 2008/01/15  (rcs-revision 1.26)
\pgfpic=\box27
\pgf@hbox=\box28
\pgf@layerbox@main=\box29
\pgf@picture@serial@count=\count109
)
(/usr/share/texmf/tex/generic/pgf/basiclayer/pgfcoregraphicstate.code.tex
File: pgfcoregraphicstate.code.tex 2007/12/12  (rcs-revision 1.8)
\pgflinewidth=\dimen140
)
(/usr/share/texmf/tex/generic/pgf/basiclayer/pgfcoretransformations.code.tex
File: pgfcoretransformations.code.tex 2008/02/04  (rcs-revision 1.10)
\pgf@pt@x=\dimen141
\pgf@pt@y=\dimen142
\pgf@pt@temp=\dimen143
)
(/usr/share/texmf/tex/generic/pgf/basiclayer/pgfcorequick.code.tex
File: pgfcorequick.code.tex 2006/10/11  (rcs-revision 1.2)
)
(/usr/share/texmf/tex/generic/pgf/basiclayer/pgfcoreobjects.code.tex
File: pgfcoreobjects.code.tex 2006/10/11  (rcs-revision 1.2)
)
(/usr/share/texmf/tex/generic/pgf/basiclayer/pgfcorepathprocessing.code.tex
File: pgfcorepathprocessing.code.tex 2008/01/23  (rcs-revision 1.7)
)
(/usr/share/texmf/tex/generic/pgf/basiclayer/pgfcorearrows.code.tex
File: pgfcorearrows.code.tex 2007/06/07  (rcs-revision 1.8)
)
(/usr/share/texmf/tex/generic/pgf/basiclayer/pgfcoreshade.code.tex
File: pgfcoreshade.code.tex 2007/12/10  (rcs-revision 1.9)
\pgf@max=\dimen144
\pgf@sys@shading@range@num=\count110
)
(/usr/share/texmf/tex/generic/pgf/basiclayer/pgfcoreimage.code.tex
File: pgfcoreimage.code.tex 2008/01/15  (rcs-revision 1.1)
\pgfexternal@startupbox=\box30
)
(/usr/share/texmf/tex/generic/pgf/basiclayer/pgfcorelayers.code.tex
File: pgfcorelayers.code.tex 2008/01/15  (rcs-revision 1.1)
)
(/usr/share/texmf/tex/generic/pgf/basiclayer/pgfcoretransparency.code.tex
File: pgfcoretransparency.code.tex 2008/01/17  (rcs-revision 1.2)
)
(/usr/share/texmf/tex/generic/pgf/basiclayer/pgfcorepatterns.code.tex
File: pgfcorepatterns.code.tex 2008/01/15  (rcs-revision 1.1)
)))
(/usr/share/texmf/tex/generic/pgf/modules/pgfmoduleshapes.code.tex
File: pgfmoduleshapes.code.tex 2008/02/13  (rcs-revision 1.4)
\pgfnodeparttextbox=\box31
\toks@savedmacro=\toks24
)
(/usr/share/texmf/tex/generic/pgf/modules/pgfmoduleplot.code.tex
File: pgfmoduleplot.code.tex 2008/01/15  (rcs-revision 1.1)
\pgf@plotwrite=\write3
)
(/usr/share/texmf/tex/latex/pgf/compatibility/pgfcomp-version-0-65.sty
Package: pgfcomp-version-0-65 2007/07/03 v2.00 (rcs-revision 1.7)
\pgf@nodesepstart=\dimen145
\pgf@nodesepend=\dimen146
)
(/usr/share/texmf/tex/latex/pgf/compatibility/pgfcomp-version-1-18.sty
Package: pgfcomp-version-1-18 2007/07/23 v2.00 (rcs-revision 1.1)
))
(/usr/share/texmf/tex/latex/pgf/utilities/pgffor.sty
(/usr/share/texmf/tex/generic/pgf/utilities/pgffor.code.tex
Package: pgffor 2007/11/07 v2.00 (rcs-revision 1.8)
\pgffor@iter=\dimen147
\pgffor@skip=\dimen148
))
(/usr/share/texmf/tex/generic/pgf/frontendlayer/tikz/tikz.code.tex
Package: tikz 2008/02/13 v2.00 (rcs-revision 1.27)

(/usr/share/texmf/tex/generic/pgf/libraries/pgflibraryplothandlers.code.tex
File: pgflibraryplothandlers.code.tex 2007/03/09 v2.00 (rcs-revision 1.9)
\pgf@plot@mark@count=\count111
\pgfplotmarksize=\dimen149
)
\tikz@lastx=\dimen150
\tikz@lasty=\dimen151
\tikz@lastxsaved=\dimen152
\tikz@lastysaved=\dimen153
\tikzleveldistance=\dimen154
\tikzsiblingdistance=\dimen155
\tikz@figbox=\box32
\tikz@tempbox=\box33
\tikztreelevel=\count112
\tikznumberofchildren=\count113
\tikznumberofcurrentchild=\count114
\tikz@fig@count=\count115

(/usr/share/texmf/tex/generic/pgf/modules/pgfmodulematrix.code.tex
File: pgfmodulematrix.code.tex 2008/01/15  (rcs-revision 1.1)
\pgfmatrixcurrentrow=\count116
\pgfmatrixcurrentcolumn=\count117
\pgf@matrix@numberofcolumns=\count118
)
\tikz@expandcount=\count119

(/usr/share/texmf/tex/generic/pgf/frontendlayer/tikz/libraries/tikzlibrarytopat
hs.code.tex
File: tikzlibrarytopaths.code.tex 2008/01/09 v2.00 (rcs-revision 1.1)
))) (/usr/share/texmf-texlive/tex/latex/yfonts/yfonts.sty
Package: yfonts 2003/01/08 v1.3 (WaS)
Now handling font encoding LY ...
... no UTF-8 mapping file for font encoding LY
Now handling font encoding LYG ...
... no UTF-8 mapping file for font encoding LYG
)
(/usr/share/texmf-texlive/tex/latex/colortbl/colortbl.sty
Package: colortbl 2001/02/13 v0.1j Color table columns (DPC)

(/usr/share/texmf-texlive/tex/latex/tools/array.sty
Package: array 2005/08/23 v2.4b Tabular extension package (FMi)
\col@sep=\dimen156
\extrarowheight=\dimen157
\NC@list=\toks25
\extratabsurround=\skip43
\backup@length=\skip44
)
\everycr=\toks26
\minrowclearance=\skip45
)
(/usr/share/texmf-texlive/tex/latex/listings/listings.sty
\lst@mode=\count120
\lst@gtempboxa=\box34
\lst@token=\toks27
\lst@length=\count121
\lst@currlwidth=\dimen158
\lst@column=\count122
\lst@pos=\count123
\lst@lostspace=\dimen159
\lst@width=\dimen160
\lst@newlines=\count124
\lst@lineno=\count125
\c@lstlisting=\count126
\lst@maxwidth=\dimen161

(/usr/share/texmf-texlive/tex/latex/listings/lstpatch.sty
File: lstpatch.sty 2004/10/17 1.3b (Carsten Heinz)
)
(/usr/share/texmf-texlive/tex/latex/listings/lstmisc.sty
File: lstmisc.sty 2004/09/07 1.3 (Carsten Heinz)
\c@lstnumber=\count127
\lst@skipnumbers=\count128
\lst@framebox=\box35
)
(/usr/share/texmf-texlive/tex/latex/listings/listings.cfg
File: listings.cfg 2004/09/05 1.3 listings configuration
))
Package: listings 2004/10/17 1.3b (Carsten Heinz)

(/usr/share/texmf-texlive/tex/latex/listings/lstlang1.sty
File: lstlang1.sty 2004/09/05 1.3 listings language file
) (./tutorial.aux)
\openout1 = `tutorial.aux'.

LaTeX Font Info:    Checking defaults for OML/cmm/m/it on input line 74.
LaTeX Font Info:    ... okay on input line 74.
LaTeX Font Info:    Checking defaults for T1/cmr/m/n on input line 74.
LaTeX Font Info:    ... okay on input line 74.
LaTeX Font Info:    Checking defaults for OT1/cmr/m/n on input line 74.
LaTeX Font Info:    ... okay on input line 74.
LaTeX Font Info:    Checking defaults for OMS/cmsy/m/n on input line 74.
LaTeX Font Info:    ... okay on input line 74.
LaTeX Font Info:    Checking defaults for OMX/cmex/m/n on input line 74.
LaTeX Font Info:    ... okay on input line 74.
LaTeX Font Info:    Checking defaults for U/cmr/m/n on input line 74.
LaTeX Font Info:    ... okay on input line 74.
LaTeX Font Info:    Checking defaults for PD1/pdf/m/n on input line 74.
LaTeX Font Info:    ... okay on input line 74.
LaTeX Font Info:    Checking defaults for LY/yfrak/m/n on input line 74.
LaTeX Font Info:    ... okay on input line 74.
LaTeX Font Info:    Checking defaults for LYG/ygoth/m/n on input line 74.
LaTeX Font Info:    ... okay on input line 74.
LaTeX Font Info:    Try loading font information for T1+ptm on input line 74.

(/usr/share/texmf-texlive/tex/latex/psnfss/t1ptm.fd
File: t1ptm.fd 2001/06/04 font definitions for T1/ptm.
)
(/usr/share/texmf/tex/context/base/supp-pdf.tex
[Loading MPS to PDF converter (version 2006.09.02).]
\scratchcounter=\count129
\scratchdimen=\dimen162
\scratchbox=\box36
\nofMPsegments=\count130
\nofMParguments=\count131
\everyMPshowfont=\toks28
\MPscratchCnt=\count132
\MPscratchDim=\dimen163
\MPnumerator=\count133
\everyMPtoPDFconversion=\toks29
)
\big@size=\dimen164
-------------------- Geometry parameters
paper: class default
landscape: --
twocolumn: --
twoside: --
asymmetric: --
h-parts: 42.67912pt, 400.89935pt, 170.71652pt
v-parts: 42.67912pt, 666.9326pt, 85.35826pt
hmarginratio: --
vmarginratio: --
lines: --
heightrounded: --
bindingoffset: 0.0pt
truedimen: --
includehead: --
includefoot: --
includemp: --
driver: pdftex
-------------------- Page layout dimensions and switches
\paperwidth  614.295pt
\paperheight 794.96999pt
\textwidth  400.89935pt
\textheight 666.9326pt
\oddsidemargin  -29.59087pt
\evensidemargin -29.59087pt
\topmargin  -66.59087pt
\headheight 12.0pt
\headsep    25.0pt
\footskip   30.0pt
\marginparwidth 65.0pt
\marginparsep   11.0pt
\columnsep  10.0pt
\skip\footins  9.0pt plus 4.0pt minus 2.0pt
\hoffset 0.0pt
\voffset 0.0pt
\mag 1000

(1in=72.27pt, 1cm=28.45pt)
-----------------------
Package hyperref Info: Link coloring OFF on input line 74.
 (/usr/share/texmf-texlive/tex/latex/hyperref/nameref.sty
Package: nameref 2006/12/27 v2.28 Cross-referencing by name of section

(/usr/share/texmf-texlive/tex/latex/oberdiek/refcount.sty
Package: refcount 2006/02/20 v3.0 Data extraction from references (HO)
)
\c@section@level=\count134
)
LaTeX Info: Redefining \ref on input line 74.
LaTeX Info: Redefining \pageref on input line 74.
 (./tutorial.out)
(./tutorial.out)
\@outlinefile=\write4
\openout4 = `tutorial.out'.

LaTeX Font Info:    Try loading font information for OT1+ztmcm on input line 77
.
 (/usr/share/texmf-texlive/tex/latex/psnfss/ot1ztmcm.fd
File: ot1ztmcm.fd 2000/01/03 Fontinst v1.801 font definitions for OT1/ztmcm.
)
LaTeX Font Info:    Try loading font information for OML+ztmcm on input line 77
.

(/usr/share/texmf-texlive/tex/latex/psnfss/omlztmcm.fd
File: omlztmcm.fd 2000/01/03 Fontinst v1.801 font definitions for OML/ztmcm.
)
LaTeX Font Info:    Try loading font information for OMS+ztmcm on input line 77
.

(/usr/share/texmf-texlive/tex/latex/psnfss/omsztmcm.fd
File: omsztmcm.fd 2000/01/03 Fontinst v1.801 font definitions for OMS/ztmcm.
)
LaTeX Font Info:    Try loading font information for OMX+ztmcm on input line 77
.

(/usr/share/texmf-texlive/tex/latex/psnfss/omxztmcm.fd
File: omxztmcm.fd 2000/01/03 Fontinst v1.801 font definitions for OMX/ztmcm.
)
LaTeX Font Info:    Try loading font information for OT1+ptm on input line 77.

(/usr/share/texmf-texlive/tex/latex/psnfss/ot1ptm.fd
File: ot1ptm.fd 2001/06/04 font definitions for OT1/ptm.
)
LaTeX Font Info:    Font shape `OT1/ptm/bx/n' in size <12> not available
(Font)              Font shape `OT1/ptm/b/n' tried instead on input line 77.
LaTeX Font Info:    Font shape `OT1/ptm/bx/n' in size <9> not available
(Font)              Font shape `OT1/ptm/b/n' tried instead on input line 77.
LaTeX Font Info:    Font shape `OT1/ptm/bx/n' in size <7> not available
(Font)              Font shape `OT1/ptm/b/n' tried instead on input line 77.

<pycvf.png, id=174, 351.3125pt x 301.125pt>
File: pycvf.png Graphic file (type png)
 <use pycvf.png>

! LaTeX Error: There's no line here to end.

See the LaTeX manual or LaTeX Companion for explanation.
Type  H <return>  for immediate help.
 ...                                              
                                                  
l.77 \tableofcontents
                     
? r
OK, entering \nonstopmode...
<logo_jfli.png, id=175, 200.75pt x 179.67125pt>
File: logo_jfli.png Graphic file (type png)
 <use logo_jfli.png> [1

{/var/lib/texmf/fonts/map/pdftex/updmap/pdftex.map} <./pycvf.png> <./logo_jfli.
png (PNG copy)>]
LaTeX Font Info:    Font shape `T1/ptm/bx/n' in size <24.88> not available
(Font)              Font shape `T1/ptm/b/n' tried instead on input line 77.
 (./tutorial.toc
LaTeX Font Info:    Font shape `T1/ptm/bx/n' in size <10> not available
(Font)              Font shape `T1/ptm/b/n' tried instead on input line 2.
LaTeX Font Info:    Font shape `OT1/ptm/bx/n' in size <10> not available
(Font)              Font shape `OT1/ptm/b/n' tried instead on input line 3.
LaTeX Font Info:    Font shape `OT1/ptm/bx/n' in size <7.4> not available
(Font)              Font shape `OT1/ptm/b/n' tried instead on input line 3.
LaTeX Font Info:    Font shape `OT1/ptm/bx/n' in size <6> not available
(Font)              Font shape `OT1/ptm/b/n' tried instead on input line 3.
)
\tf@toc=\write5
\openout5 = `tutorial.toc'.

pdfTeX warning (ext4): destination with the same identifier (name{page.1}) has 
been already used, duplicate ignored
<to be read again> 
                   \relax 
l.79 \chapter
             {Forewords} [1

]
Chapter 1.
LaTeX Font Info:    Font shape `T1/ptm/bx/n' in size <20.74> not available
(Font)              Font shape `T1/ptm/b/n' tried instead on input line 79.
LaTeX Font Info:    Font shape `T1/ptm/bx/n' in size <14.4> not available
(Font)              Font shape `T1/ptm/b/n' tried instead on input line 80.
LaTeX Font Info:    Font shape `T1/ptm/bx/n' in size <12> not available
(Font)              Font shape `T1/ptm/b/n' tried instead on input line 97.
LaTeX Font Info:    Try loading font information for T1+pcr on input line 113.
(/usr/share/texmf-texlive/tex/latex/psnfss/t1pcr.fd
File: t1pcr.fd 2001/06/04 font definitions for T1/pcr.
)
LaTeX Font Info:    Font shape `T1/ptm/bx/n' in size <9> not available
(Font)              Font shape `T1/ptm/b/n' tried instead on input line 137.
LaTeX Font Info:    Font shape `OT1/ptm/bx/n' in size <5> not available
(Font)              Font shape `OT1/ptm/b/n' tried instead on input line 139.

Overfull \hbox (15.0pt too wide) in paragraph at lines 133--158
[]$[]$ 
 []

[2

] [3]
Chapter 2.
(/usr/share/texmf-texlive/tex/latex/listings/lstlang1.sty
File: lstlang1.sty 2004/09/05 1.3 listings language file
)
(/usr/share/texmf-texlive/tex/latex/listings/lstlang1.sty
File: lstlang1.sty 2004/09/05 1.3 listings language file
)
LaTeX Font Info:    Font shape `OT1/ptm/bx/n' in size <8> not available
(Font)              Font shape `OT1/ptm/b/n' tried instead on input line 258.
 [4

]
Chapter 3.
LaTeX Font Info:    Font shape `T1/ptm/bx/n' in size <8> not available
(Font)              Font shape `T1/ptm/b/n' tried instead on input line 342.

Overfull \hbox (15.0pt too wide) in paragraph at lines 360--395
[]$[]$ 
 []

[5

] <pyfig-ab2809c07efd01ed3d924a69f951aa28.pdf, id=256, 578.16pt x 433.62pt>
File: pyfig-ab2809c07efd01ed3d924a69f951aa28.pdf Graphic file (type pdf)

<use pyfig-ab2809c07efd01ed3d924a69f951aa28.pdf>
<pyfig-ea3a0e4746cc8d7e0092a4516bdb92b4.pdf, id=257, 578.16pt x 433.62pt>
File: pyfig-ea3a0e4746cc8d7e0092a4516bdb92b4.pdf Graphic file (type pdf)

<use pyfig-ea3a0e4746cc8d7e0092a4516bdb92b4.pdf> [6 <./pyfig-ab2809c07efd01ed3d
924a69f951aa28.pdf>]
<pyfig-57a80b38750b3fdf8a224dd607ad2e46.pdf, id=299, 578.16pt x 433.62pt>
File: pyfig-57a80b38750b3fdf8a224dd607ad2e46.pdf Graphic file (type pdf)

<use pyfig-57a80b38750b3fdf8a224dd607ad2e46.pdf> [7 <./pyfig-ea3a0e4746cc8d7e00
92a4516bdb92b4.pdf>]
LaTeX Font Info:    Try loading font information for OMS+ptm on input line 624.

 (/usr/share/texmf-texlive/tex/latex/psnfss/omsptm.fd
File: omsptm.fd 
)
LaTeX Font Info:    Font shape `OMS/ptm/m/n' in size <8> not available
(Font)              Font shape `OMS/cmsy/m/n' tried instead on input line 624.

<pyfig-9fdcc79eabdaced297af4fd09aa29aee.pdf, id=330, 578.16pt x 433.62pt>
File: pyfig-9fdcc79eabdaced297af4fd09aa29aee.pdf Graphic file (type pdf)

<use pyfig-9fdcc79eabdaced297af4fd09aa29aee.pdf> [8 <./pyfig-57a80b38750b3fdf8a
224dd607ad2e46.pdf>] <playvideoqt.png, id=363, 556.479pt x 370.38374pt>
File: playvideoqt.png Graphic file (type png)

<use playvideoqt.png> [9 <./pyfig-9fdcc79eabdaced297af4fd09aa29aee.pdf> <./play
videoqt.png (PNG copy)>]
! Missing $ inserted.
<inserted text> 
                $
l.843 ...ou may set the following option, a pixel_
                                                  format, the size of the fr...
I've inserted a begin-math/end-math symbol since I think
you left one out. Proceed, with fingers crossed.

! Missing $ inserted.
<inserted text> 
                $
l.846 
      
I've inserted a begin-math/end-math symbol since I think
you left one out. Proceed, with fingers crossed.


Overfull \hbox (1573.4188pt too wide) in paragraph at lines 843--846
[]\T1/ptm/m/n/10 For video tracks you may set the fol-low-ing op-tion, a pixel$
[]\OML/ztmcm/m/it/10 ormat; thesizeoftheframebuffer\OT1/ztmcm/m/n/10 (\OML/ztmc
m/m/it/10 thisbufferisnormallyuseless; butIhadsomeproblemwithsomefileswherefram
ewherestillinterleaved; andIprefertokeepittofacepossiblebuggydecoders\OT1/ztmcm
/m/n/10 )\OML/ztmcm/m/it/10 ; theskip[]rameargumentmaybeusedtospecifiedwhethera
llframesshouldberead; orwhetherweshouldonlyreadkey[]rames:Youcangetmoreinformat
iononthisfieldpyreadingrelatedffmpegheaderfiles:Thereisalsooptionforrescalingth
eoutput:$ 
 []


Overfull \hbox (25.52785pt too wide) in paragraph at lines 894--939
[]\T1/ptm/m/n/9 TS$[]$VIDEO$[]$GRAY8={ \T1/pcr/m/n/9 'video1'\T1/ptm/m/n/9 :(0,
 -1, {\T1/pcr/m/n/9 'pixel$[]$format'\T1/ptm/m/n/9 :PixelFormats.GRAY8,\T1/pcr/
m/n/9 'videoframebanksz'\T1/ptm/m/n/9 :1,
 []

[10] [11] [12]
Overfull \hbox (85.10065pt too wide) in paragraph at lines 1108--1108
[] \T1/pcr/m/n/10 aoss python ~/tranx/pymedia-examples/play_wav.py /usr/lib/pd/
doc/sound/voice.wav[] 
 []

[13]
Chapter 4.
<dbshow-0-0.png, id=528, 578.16pt x 433.62pt>
File: dbshow-0-0.png Graphic file (type png)
 <use dbshow-0-0.png>
<dbshow-0-1.png, id=529, 578.16pt x 433.62pt>
File: dbshow-0-1.png Graphic file (type png)
 <use dbshow-0-1.png>
<dbshow-0-2.png, id=530, 578.16pt x 433.62pt>
File: dbshow-0-2.png Graphic file (type png)
 <use dbshow-0-2.png>
<dbshow-0-3.png, id=531, 578.16pt x 433.62pt>
File: dbshow-0-3.png Graphic file (type png)
 <use dbshow-0-3.png>
<dbshow-0-4.png, id=532, 578.16pt x 433.62pt>
File: dbshow-0-4.png Graphic file (type png)
 <use dbshow-0-4.png>
<dbshow-0-5.png, id=533, 578.16pt x 433.62pt>
File: dbshow-0-5.png Graphic file (type png)
 <use dbshow-0-5.png>
<dbshow-0-6.png, id=534, 578.16pt x 433.62pt>
File: dbshow-0-6.png Graphic file (type png)
 <use dbshow-0-6.png>
<dbshow-0-7.png, id=535, 578.16pt x 433.62pt>
File: dbshow-0-7.png Graphic file (type png)
 <use dbshow-0-7.png>
<dbshow-0-8.png, id=536, 578.16pt x 433.62pt>
File: dbshow-0-8.png Graphic file (type png)
 <use dbshow-0-8.png>
<dbshow-0-9.png, id=537, 578.16pt x 433.62pt>
File: dbshow-0-9.png Graphic file (type png)
 <use dbshow-0-9.png>
Overfull \hbox (60.0448pt too wide) in paragraph at lines 1154--1165
[] [] [] []
 []


Overfull \hbox (60.0448pt too wide) in paragraph at lines 1154--1165
[] [] [] []
 []


Overfull \hbox (68.90012pt too wide) in paragraph at lines 1223--1223
[]\T1/pcr/m/n/9 ###############################################################
########################[] 
 []


Overfull \hbox (68.90012pt too wide) in paragraph at lines 1223--1223
[]\T1/pcr/m/n/9 ###############################################################
########################[] 
 []


Overfull \hbox (68.90012pt too wide) in paragraph at lines 1223--1223
[]\T1/pcr/m/n/9 ###############################################################
########################[] 
 []

[14

 <./dbshow-0-0.png> <./dbshow-0-1.png> <./dbshow-0-2.png> <./dbshow-0-3.png> <.
/dbshow-0-4.png> <./dbshow-0-5.png> <./dbshow-0-6.png> <./dbshow-0-7.png> <./db
show-0-8.png> <./dbshow-0-9.png>]
Overfull \hbox (371.29977pt too wide) in paragraph at lines 1273--1273
[]\T1/pcr/m/n/9 ArgSpec(args=['self', 'conceptname', 'positive', 'randomized', 
'videoset'], varargs=None, keywords=None, defaults=('Dog', True, True, 'devel')
)[] 
 []

LaTeX Font Info:    Font shape `OMS/ptm/m/it' in size <8> not available
(Font)              Font shape `OMS/cmsy/m/n' tried instead on input line 1304.

[15] [16] [17]
Overfull \hbox (409.10065pt too wide) in paragraph at lines 2327--2327
[]\T1/pcr/m/n/10 saving model structure ('horizontal-edges', (<jfli.models.stru
ctures.spatial.SpatialStructure instance at 0x4a50a70>, ('H', '')))FAILED[] 
 []


Overfull \hbox (307.10065pt too wide) in paragraph at lines 2327--2327
[]\T1/pcr/m/n/10 saving model structure ('color-pixels', <jfli.models.structure
s.spatial.SpatialStructure instance at 0x4a50710>)FAILED[] 
 []


Overfull \hbox (265.10065pt too wide) in paragraph at lines 2327--2327
[]\T1/pcr/m/n/10 saving model structure ('datas', <jfli.models.structures.spati
al.SpatialStructure instance at 0x4a50680>)FAILED[] 
 []


Overfull \hbox (397.10065pt too wide) in paragraph at lines 2327--2327
[]\T1/pcr/m/n/10 saving model structure ('vertical-edges', (<jfli.models.struct
ures.spatial.SpatialStructure instance at 0x4a50ab8>, ('V', '')))FAILED[] 
 []


Overfull \hbox (925.10065pt too wide) in paragraph at lines 2327--2327
[]\T1/pcr/m/n/10 saving model statmodels ('mean', <jfli.stats.cachedmodel.Cache
dModel instance at 0x4a50b00>)writing /home/tranx/models/MnaivemeanLmeanvarianc
emodelSimpleMeanVarianceModel-image_directory-inria-naive-mean//mean/lowlevel..
.[] 
 []

[18] <dbshow-1-0.png, id=760, 578.16pt x 433.62pt>
File: dbshow-1-0.png Graphic file (type png)
 <use dbshow-1-0.png>
<dbshow-1-1.png, id=761, 578.16pt x 433.62pt>
File: dbshow-1-1.png Graphic file (type png)
 <use dbshow-1-1.png>
<dbshow-1-2.png, id=762, 578.16pt x 433.62pt>
File: dbshow-1-2.png Graphic file (type png)
 <use dbshow-1-2.png>
<dbshow-1-3.png, id=763, 578.16pt x 433.62pt>
File: dbshow-1-3.png Graphic file (type png)
 <use dbshow-1-3.png>
<dbshow-1-4.png, id=764, 578.16pt x 433.62pt>
File: dbshow-1-4.png Graphic file (type png)
 <use dbshow-1-4.png>
Overfull \hbox (60.0448pt too wide) in paragraph at lines 2402--2408
[] [] [] []
 []


Overfull \hbox (454.42282pt too wide) in paragraph at lines 2507--2517
[]\T1/ptm/m/n/9 r=smvm.\T1/ptm/b/n/9 load\T1/ptm/m/n/9 (\T1/ptm/b/n/9 file\T1/p
tm/m/n/9 (\T1/pcr/m/n/9 "/home/tranx/models/MnaivepixelsMScolorpixelsnaivemeanL
meanvariancemodelSimpleMeanVarianceModel-image$[]$directory-skincolor//#pixels/
mean/lowlevel"\T1/ptm/m/n/9 )) 
 []


Overfull \hbox (15.0pt too wide) in paragraph at lines 2504--2518
[]$[]$ 
 []

[19 <./dbshow-1-0.png> <./dbshow-1-1.png> <./dbshow-1-2.png> <./dbshow-1-3.png>
 <./dbshow-1-4.png>]
<pyfig-fdf2529522d4bbaf4886c973bd757492.pdf, id=800, 578.16pt x 433.62pt>
File: pyfig-fdf2529522d4bbaf4886c973bd757492.pdf Graphic file (type pdf)

<use pyfig-fdf2529522d4bbaf4886c973bd757492.pdf>
Overfull \hbox (7.9046pt too wide) in paragraph at lines 2648--2649
[][] 
 []

[20 <./pyfig-fdf2529522d4bbaf4886c973bd757492.pdf>] [21]
<dbshow-2-0.png, id=893, 578.16pt x 433.62pt>
File: dbshow-2-0.png Graphic file (type png)
 <use dbshow-2-0.png>
<dbshow-2-1.png, id=894, 578.16pt x 433.62pt>
File: dbshow-2-1.png Graphic file (type png)
 <use dbshow-2-1.png>
<dbshow-2-2.png, id=895, 578.16pt x 433.62pt>
File: dbshow-2-2.png Graphic file (type png)
 <use dbshow-2-2.png>
<dbshow-2-3.png, id=896, 578.16pt x 433.62pt>
File: dbshow-2-3.png Graphic file (type png)
 <use dbshow-2-3.png>
<dbshow-2-4.png, id=897, 578.16pt x 433.62pt>
File: dbshow-2-4.png Graphic file (type png)
 <use dbshow-2-4.png>
Overfull \hbox (60.0448pt too wide) in paragraph at lines 2902--2908
[] [] [] []
 []

[22 <./dbshow-2-0.png> <./dbshow-2-1.png> <./dbshow-2-2.png> <./dbshow-2-3.png>
 <./dbshow-2-4.png>]
<pyfig-2cdc0bfe96be908b647d9223849d9e02.pdf, id=940, 867.24pt x 433.62pt>
File: pyfig-2cdc0bfe96be908b647d9223849d9e02.pdf Graphic file (type pdf)

<use pyfig-2cdc0bfe96be908b647d9223849d9e02.pdf>
<pyfig-fee7719bf13fdfad362282fac5cd5c83.pdf, id=941, 867.24pt x 433.62pt>
File: pyfig-fee7719bf13fdfad362282fac5cd5c83.pdf Graphic file (type pdf)

<use pyfig-fee7719bf13fdfad362282fac5cd5c83.pdf> [23 <./pyfig-2cdc0bfe96be908b6
47d9223849d9e02.pdf> <./pyfig-fee7719bf13fdfad362282fac5cd5c83.pdf>]
<pyfig-3ea74af8fd3b058c1e372545ffdcbd4c.pdf, id=1095, 867.24pt x 216.81pt>
File: pyfig-3ea74af8fd3b058c1e372545ffdcbd4c.pdf Graphic file (type pdf)

<use pyfig-3ea74af8fd3b058c1e372545ffdcbd4c.pdf>
<pyfig-5385e07d4b565b297f5da1414d78ada0.pdf, id=1096, 867.24pt x 216.81pt>
File: pyfig-5385e07d4b565b297f5da1414d78ada0.pdf Graphic file (type pdf)

<use pyfig-5385e07d4b565b297f5da1414d78ada0.pdf>
<pyfig-90b7d75b8c28657968975bd2a79eeefc.pdf, id=1097, 867.24pt x 216.81pt>
File: pyfig-90b7d75b8c28657968975bd2a79eeefc.pdf Graphic file (type pdf)

<use pyfig-90b7d75b8c28657968975bd2a79eeefc.pdf>
<pyfig-c19f6a6e8b897128ef3084884f522bbf.pdf, id=1098, 867.24pt x 216.81pt>
File: pyfig-c19f6a6e8b897128ef3084884f522bbf.pdf Graphic file (type pdf)

<use pyfig-c19f6a6e8b897128ef3084884f522bbf.pdf>
<pyfig-406efa5de7b02585ee3b98bb76335ed7.pdf, id=1099, 867.24pt x 216.81pt>
File: pyfig-406efa5de7b02585ee3b98bb76335ed7.pdf Graphic file (type pdf)

<use pyfig-406efa5de7b02585ee3b98bb76335ed7.pdf>
<pyfig-dbd5b1f2a900afa9cf8726b65085be08.pdf, id=1100, 867.24pt x 216.81pt>
File: pyfig-dbd5b1f2a900afa9cf8726b65085be08.pdf Graphic file (type pdf)

<use pyfig-dbd5b1f2a900afa9cf8726b65085be08.pdf> [24 <./pyfig-3ea74af8fd3b058c1
e372545ffdcbd4c.pdf> <./pyfig-5385e07d4b565b297f5da1414d78ada0.pdf> <./pyfig-90
b7d75b8c28657968975bd2a79eeefc.pdf> <./pyfig-c19f6a6e8b897128ef3084884f522bbf.p
df> <./pyfig-406efa5de7b02585ee3b98bb76335ed7.pdf>]
<pyfig-4550967043313b1e03d4219fe9c8f185.pdf, id=1383, 867.24pt x 216.81pt>
File: pyfig-4550967043313b1e03d4219fe9c8f185.pdf Graphic file (type pdf)

<use pyfig-4550967043313b1e03d4219fe9c8f185.pdf>
<pyfig-9c4f68d7acb57548dcfc835e0fba3591.pdf, id=1384, 867.24pt x 216.81pt>
File: pyfig-9c4f68d7acb57548dcfc835e0fba3591.pdf Graphic file (type pdf)

<use pyfig-9c4f68d7acb57548dcfc835e0fba3591.pdf> [25 <./pyfig-dbd5b1f2a900afa9c
f8726b65085be08.pdf> <./pyfig-4550967043313b1e03d4219fe9c8f185.pdf> <./pyfig-9c
4f68d7acb57548dcfc835e0fba3591.pdf>]
<pyfig-8003959c06a2a3e6c93397cbd29c953d.pdf, id=1574, 867.24pt x 433.62pt>
File: pyfig-8003959c06a2a3e6c93397cbd29c953d.pdf Graphic file (type pdf)

<use pyfig-8003959c06a2a3e6c93397cbd29c953d.pdf>
<pyfig-e15cf9d59ecdc15b92bb756c893f4341.pdf, id=1575, 867.24pt x 433.62pt>
File: pyfig-e15cf9d59ecdc15b92bb756c893f4341.pdf Graphic file (type pdf)

<use pyfig-e15cf9d59ecdc15b92bb756c893f4341.pdf> [26 <./pyfig-8003959c06a2a3e6c
93397cbd29c953d.pdf> <./pyfig-e15cf9d59ecdc15b92bb756c893f4341.pdf>]
<pyfig-6dcb223af46511fdca88084565f0a06f.pdf, id=1711, 433.62pt x 433.62pt>
File: pyfig-6dcb223af46511fdca88084565f0a06f.pdf Graphic file (type pdf)

<use pyfig-6dcb223af46511fdca88084565f0a06f.pdf>
<pyfig-6d984e99a9cb8c992cfe5955f6c697f4.pdf, id=1712, 433.62pt x 433.62pt>
File: pyfig-6d984e99a9cb8c992cfe5955f6c697f4.pdf Graphic file (type pdf)

<use pyfig-6d984e99a9cb8c992cfe5955f6c697f4.pdf>
<pyfig-90d2717e13d07118323942f8dfdf273c.pdf, id=1713, 433.62pt x 433.62pt>
File: pyfig-90d2717e13d07118323942f8dfdf273c.pdf Graphic file (type pdf)

<use pyfig-90d2717e13d07118323942f8dfdf273c.pdf>
<pyfig-735c7d482722834e4b54679b5542dcad.pdf, id=1714, 433.62pt x 433.62pt>
File: pyfig-735c7d482722834e4b54679b5542dcad.pdf Graphic file (type pdf)

<use pyfig-735c7d482722834e4b54679b5542dcad.pdf>
<pyfig-2be4eb4fbb56289fb72ab837f5f1de70.pdf, id=1715, 433.62pt x 433.62pt>
File: pyfig-2be4eb4fbb56289fb72ab837f5f1de70.pdf Graphic file (type pdf)

<use pyfig-2be4eb4fbb56289fb72ab837f5f1de70.pdf>
<pyfig-be46ce80af5bcaefdb7a38447be23d59.pdf, id=1716, 433.62pt x 433.62pt>
File: pyfig-be46ce80af5bcaefdb7a38447be23d59.pdf Graphic file (type pdf)

<use pyfig-be46ce80af5bcaefdb7a38447be23d59.pdf>
<pyfig-b065e7a97d586af83f8bbd3249781afa.pdf, id=1717, 433.62pt x 433.62pt>
File: pyfig-b065e7a97d586af83f8bbd3249781afa.pdf Graphic file (type pdf)

<use pyfig-b065e7a97d586af83f8bbd3249781afa.pdf>
<pyfig-be4d96c4e90874687e197b3405bba8fb.pdf, id=1718, 433.62pt x 433.62pt>
File: pyfig-be4d96c4e90874687e197b3405bba8fb.pdf Graphic file (type pdf)

<use pyfig-be4d96c4e90874687e197b3405bba8fb.pdf>
Overfull \hbox (60.0448pt too wide) in paragraph at lines 3564--3565
[] [] [] []
 []


Overfull \hbox (60.0448pt too wide) in paragraph at lines 3564--3565
[] [] [] [] 
 []

[27 <./pyfig-6dcb223af46511fdca88084565f0a06f.pdf> <./pyfig-6d984e99a9cb8c992cf
e5955f6c697f4.pdf> <./pyfig-90d2717e13d07118323942f8dfdf273c.pdf> <./pyfig-735c
7d482722834e4b54679b5542dcad.pdf> <./pyfig-2be4eb4fbb56289fb72ab837f5f1de70.pdf
> <./pyfig-be46ce80af5bcaefdb7a38447be23d59.pdf> <./pyfig-b065e7a97d586af83f8bb
d3249781afa.pdf> <./pyfig-be4d96c4e90874687e197b3405bba8fb.pdf>]
! Missing $ inserted.
<inserted text> 
                $
l.3701 Althougth simple_
                        svm_train_and_test.py is not very interesting becaus...
I've inserted a begin-math/end-math symbol since I think
you left one out. Proceed, with fingers crossed.

! Missing $ inserted.
<inserted text> 
                $
l.3703 
       
I've inserted a begin-math/end-math symbol since I think
you left one out. Proceed, with fingers crossed.


Overfull \hbox (170.4612pt too wide) in paragraph at lines 3701--3703
[]\T1/ptm/m/n/10 Althougth simple$[]\OML/ztmcm/m/it/10 vm[]rain[]nd[]est:pyisno
tveryinterestingbecauseitdoesnotallowyoutosavethedata:Itismaybeagoodwaytoaprior
itestmodel:$ 
 []

[28] (./tutorial.aux) ) 
Here is how much of TeX's memory you used:
 13576 strings out of 94095
 217214 string characters out of 1165652
 415039 words of memory out of 1500000
 15843 multiletter control sequences out of 10000+50000
 82063 words of font info for 114 fonts, out of 1200000 for 2000
 637 hyphenation exceptions out of 8191
 47i,8n,49p,794b,1817s stack positions out of 5000i,500n,6000p,200000b,5000s
{/usr/share/texmf-texlive/fonts/enc/dvips/base/8r.enc}</
usr/share/texmf-texlive/fonts/type1/bluesky/cm/cmmi10.pfb></usr/share/texmf-tex
live/fonts/type1/bluesky/cm/cmr10.pfb></usr/share/texmf-texlive/fonts/type1/blu
esky/cm/cmsy10.pfb></usr/share/texmf-texlive/fonts/type1/bluesky/cm/cmsy8.pfb><
/usr/share/texmf-texlive/fonts/type1/urw/courier/ucrr8a.pfb></usr/share/texmf-t
exlive/fonts/type1/urw/times/utmb8a.pfb></usr/share/texmf-texlive/fonts/type1/u
rw/times/utmr8a.pfb></usr/share/texmf-texlive/fonts/type1/urw/times/utmri8a.pfb
>
Output written on tutorial.pdf (29 pages, 11706161 bytes).
PDF statistics:
 2018 PDF objects out of 2073 (max. 8388607)
 677 named destinations out of 1000 (max. 131072)
 597 words of extra memory for PDF output out of 10000 (max. 10000000)

